Cadence Genus(TM) Synthesis Solution.
Copyright 2017 Cadence Design Systems, Inc. All rights reserved worldwide.
Cadence and the Cadence logo are registered trademarks and Genus is a trademark
of Cadence Design Systems, Inc. in the United States and other countries.

Version: 17.13-s033_1, built Thu Feb 15 2018
Options: -abort_on_error -no_gui -batch -files tcl/synth_mtmAlu.tcl -log genus_mtm -overwrite 
Date:    Mon Sep 09 23:40:41 2019
Host:    cadence212 (x86_64 w/Linux 2.6.32-754.6.3.el6.x86_64) (16cores*64cpus*2physical cpus*Intel(R) Xeon(R) Gold 6130 CPU @ 2.10GHz 22528KB) (264129332KB)
OS:      CentOS release 6.10 (Final)

Checking out license: Genus_Synthesis

Loading tool scripts...
Finished loading tool scripts (8 seconds elapsed).

#@ Processing -files option
@genus 1> source tcl/synth_mtmAlu.tcl
#@ Begin verbose source tcl/synth_mtmAlu.tcl
@file(synth_mtmAlu.tcl) 9: set_db information_level 7 
  Setting attribute of root '/': 'information_level' = 7
@file(synth_mtmAlu.tcl) 12: source tcl/flow_config.tcl
Sourcing './tcl/flow_config.tcl' (Mon Sep 09 23:40:49 CEST 2019)...
#@ Begin verbose source tcl/flow_config.tcl
@file(flow_config.tcl) 5: set_db design_process_node 180
  Setting attribute of root '/': 'design_process_node' = 180
@file(flow_config.tcl) 7: set_db syn_generic_effort express
  Setting attribute of root '/': 'syn_generic_effort' = express
@file(flow_config.tcl) 8: set_db syn_map_effort express
  Setting attribute of root '/': 'syn_map_effort' = express
@file(flow_config.tcl) 9: set_db syn_opt_effort express
  Setting attribute of root '/': 'syn_opt_effort' = express
@file(flow_config.tcl) 11: set_db remove_assigns true
  Setting attribute of root '/': 'remove_assigns' = true
@file(flow_config.tcl) 12: set_db optimize_merge_flops false 
  Setting attribute of root '/': 'optimize_merge_flops' = false
@file(flow_config.tcl) 14: set_db max_cpus_per_server 1 ; # limiting to 8 CPU
  Setting attribute of root '/': 'max_cpus_per_server' = 1
@file(flow_config.tcl) 16: set_db enable_domain_name_check 0
  Setting attribute of root '/': 'enable_domain_name_check' = 0
@file(flow_config.tcl) 19: set_db hdl_use_cw_first false 
  Setting attribute of root '/': 'hdl_use_cw_first' = false
@file(flow_config.tcl) 20: set_db wlec_set_cdn_synth_root true
  Setting attribute of root '/': 'wlec_set_cdn_synth_root' = true
@file(flow_config.tcl) 23: set_db use_power_ground_pin_from_lef true
  Setting attribute of root '/': 'use_power_ground_pin_from_lef' = true
@file(flow_config.tcl) 25: set_db hdl_track_filename_row_col                 true   ;#used for cross probing and datapath report. May be memory consuming
Info   : Enabled hdl_track_file_row_column attribute.
       : Setting this attribute to 'true' can have an impact on the run time. Use this attribute only when filename, line number, and column information are needed in reports.
  Setting attribute of root '/': 'hdl_track_filename_row_col' = true
@file(flow_config.tcl) 26: set_db verification_directory_naming_style        "./LEC"
  Setting attribute of root '/': 'verification_directory_naming_style' = ./LEC
#@ End verbose source tcl/flow_config.tcl
@file(synth_mtmAlu.tcl) 17: read_mmmc "constraints/mmode.tcl"
Sourcing './constraints/mmode.tcl' (Mon Sep 09 23:40:49 CEST 2019)...
#@ Begin verbose source constraints/mmode.tcl
@file(mmode.tcl) 2: create_library_set -name WC_libs -timing [ list /cad/dk/umc180/SUS/SUSLIB_UCL_ss.lib ]
@file(mmode.tcl) 3: create_library_set -name BC_libs -timing [ list /cad/dk/umc180/SUS/SUSLIB_UCL_ff.lib ]
@file(mmode.tcl) 6: create_opcond -name op_cond_slow -process 1 -voltage 1.7 -temperature 80
@file(mmode.tcl) 7: create_opcond -name op_cond_fast -process 1 -voltage 1.9 -temperature 0
@file(mmode.tcl) 10: create_rc_corner -name WC_rc -temperature 80 -qrc_tech /cad/dk/umc180oa/Rulefiles/QRC/G-DF-MIXED_MODE_RFCMOS18-1.8V_3.3V-1P6M-MMC/qrcTechFile
@file(mmode.tcl) 11: create_rc_corner -name BC_rc -temperature 0  -qrc_tech /cad/dk/umc180oa/Rulefiles/QRC/G-DF-MIXED_MODE_RFCMOS18-1.8V_3.3V-1P6M-MMC/qrcTechFile
@file(mmode.tcl) 15: create_timing_condition -name WC_tc -opcond op_cond_slow -library_sets WC_libs
@file(mmode.tcl) 16: create_timing_condition -name BC_tc -opcond op_cond_fast -library_sets BC_libs
@file(mmode.tcl) 20: create_delay_corner -name WC_dc -timing_condition WC_tc -rc_corner WC_rc
@file(mmode.tcl) 21: create_delay_corner -name BC_dc -timing_condition BC_tc -rc_corner BC_rc
@file(mmode.tcl) 25: create_constraint_mode -name standard_cm -sdc_files [ list ./constraints/mtmAlu.sdc ]
            Reading file '/home/student/awindak/PPCU_VLSI/projekt_ALU_U_W/synth/constraints/mtmAlu.sdc'
@file(mmode.tcl) 28: create_analysis_view -name WC_av -delay_corner WC_dc -constraint_mode standard_cm
@file(mmode.tcl) 29: create_analysis_view -name BC_av -delay_corner BC_dc -constraint_mode standard_cm
@file(mmode.tcl) 32: set_analysis_view -setup [ list WC_av ] -hold [ list BC_av ]
            Reading file '/cad/dk/umc180/SUS/SUSLIB_UCL_ss.lib'
    Loading library SUSLIB_UCL_ss.lib
Info    : Missing library level attribute. [LBR-516]
        : slew_derate_from_library not specified in the library, using .lib default of 1. (File /cad/dk/umc180/SUS/SUSLIB_UCL_ss.lib, Line 8)

  Message Summary for Library SUSLIB_UCL_ss.lib:
  **********************************************
  Could not find an attribute in the library. [LBR-436]: 143
  Missing library level attribute. [LBR-516]: 1
  **********************************************
 
Info    : Created nominal operating condition. [LBR-412]
        : Operating condition '_nominal_' was created for the PVT values (1.000000, 1.700000, 80.000000) in library 'SUSLIB_UCL_ss.lib'.
        : The nominal operating condition represents either the nominal PVT values if specified in the library source, or the default PVT values (1.0, 1.0, 1.0).
        Cell 'UCL_CAP5' has no outputs.
Warning : Library cell has no output pins defined. [LBR-9]
        : Library cell 'UCL_CAP5' must have an output pin.
        : Add the missing output pin(s), then reload the library. Otherwise, the library cell will be marked as unusable and as timing model.
        Cell 'UCL_CAP5' has no outputs.
Warning : Library cell has no output pins defined. [LBR-9]
        : Library cell 'UCL_CAP5' must have an output pin.
        Cell 'UCL_CAP6' has no outputs.
Warning : Library cell has no output pins defined. [LBR-9]
        : Library cell 'UCL_CAP6' must have an output pin.
        Cell 'UCL_CAP6' has no outputs.
Warning : Library cell has no output pins defined. [LBR-9]
        : Library cell 'UCL_CAP6' must have an output pin.
        Cell 'UCL_CAP7' has no outputs.
Warning : Library cell has no output pins defined. [LBR-9]
        : Library cell 'UCL_CAP7' must have an output pin.
        Cell 'UCL_CAP7' has no outputs.
Warning : Library cell has no output pins defined. [LBR-9]
        : Library cell 'UCL_CAP7' must have an output pin.
        Cell 'UCL_CAP8' has no outputs.
Warning : Library cell has no output pins defined. [LBR-9]
        : Library cell 'UCL_CAP8' must have an output pin.
        Cell 'UCL_CAP8' has no outputs.
Warning : Library cell has no output pins defined. [LBR-9]
        : Library cell 'UCL_CAP8' must have an output pin.
        Cell 'UCL_CAP9' has no outputs.
Warning : Library cell has no output pins defined. [LBR-9]
        : Library cell 'UCL_CAP9' must have an output pin.
        Cell 'UCL_CAP9' has no outputs.
Warning : Library cell has no output pins defined. [LBR-9]
        : Library cell 'UCL_CAP9' must have an output pin.
        Cell 'UCL_FILL' has no outputs.
Warning : Library cell has no output pins defined. [LBR-9]
        : Library cell 'UCL_FILL' must have an output pin.
        Cell 'UCL_FILL' has no outputs.
Warning : Library cell has no output pins defined. [LBR-9]
        : Library cell 'UCL_FILL' must have an output pin.
Info    : Set default library domain. [LBR-109]
        : The default library domain is 'library_domain:WC_tc'.
Info    : Mismatch in unateness between 'timing_sense' attribute and the function. [LBR-155]
        : 'timing_sense' attribute between pin 'CIN' and 'S' in libcell 'UCL_FA' is 'pos_unate', but unateness determined from function is 'non_unate'.
        : The 'timing_sense' attribute will be respected.
Info    : Mismatch in unateness between 'timing_sense' attribute and the function. [LBR-155]
        : 'timing_sense' attribute between pin 'CIN' and 'S' in libcell 'UCL_FA' is 'neg_unate', but unateness determined from function is 'non_unate'.
Info    : Both 'pos_unate' and 'neg_unate' timing_sense arcs have been processed. [LBR-162]
        : Non_unate 'timing_sense' inferred between pin 'CIN' and 'S' in libcell 'UCL_FA'.
        : Setting the 'timing_sense' to non_unate.
Info    : Mismatch in unateness between 'timing_sense' attribute and the function. [LBR-155]
        : 'timing_sense' attribute between pin 'B' and 'S' in libcell 'UCL_FA' is 'pos_unate', but unateness determined from function is 'non_unate'.
Info    : Mismatch in unateness between 'timing_sense' attribute and the function. [LBR-155]
        : 'timing_sense' attribute between pin 'B' and 'S' in libcell 'UCL_FA' is 'neg_unate', but unateness determined from function is 'non_unate'.
Info    : Both 'pos_unate' and 'neg_unate' timing_sense arcs have been processed. [LBR-162]
        : Non_unate 'timing_sense' inferred between pin 'B' and 'S' in libcell 'UCL_FA'.
Info    : Mismatch in unateness between 'timing_sense' attribute and the function. [LBR-155]
        : 'timing_sense' attribute between pin 'A' and 'S' in libcell 'UCL_FA' is 'pos_unate', but unateness determined from function is 'non_unate'.
Info    : Mismatch in unateness between 'timing_sense' attribute and the function. [LBR-155]
        : 'timing_sense' attribute between pin 'A' and 'S' in libcell 'UCL_FA' is 'neg_unate', but unateness determined from function is 'non_unate'.
Info    : Both 'pos_unate' and 'neg_unate' timing_sense arcs have been processed. [LBR-162]
        : Non_unate 'timing_sense' inferred between pin 'A' and 'S' in libcell 'UCL_FA'.
Info    : Mismatch in unateness between 'timing_sense' attribute and the function. [LBR-155]
        : 'timing_sense' attribute between pin 'SEL' and 'AUS' in libcell 'UCL_MUX2' is 'pos_unate', but unateness determined from function is 'non_unate'.
Info    : Mismatch in unateness between 'timing_sense' attribute and the function. [LBR-155]
        : 'timing_sense' attribute between pin 'SEL' and 'AUS' in libcell 'UCL_MUX2' is 'neg_unate', but unateness determined from function is 'non_unate'.
Info    : Both 'pos_unate' and 'neg_unate' timing_sense arcs have been processed. [LBR-162]
        : Non_unate 'timing_sense' inferred between pin 'SEL' and 'AUS' in libcell 'UCL_MUX2'.
Info    : Mismatch in unateness between 'timing_sense' attribute and the function. [LBR-155]
        : 'timing_sense' attribute between pin 'SEL' and 'AUS' in libcell 'UCL_MUX2A' is 'pos_unate', but unateness determined from function is 'non_unate'.
Info    : Mismatch in unateness between 'timing_sense' attribute and the function. [LBR-155]
        : 'timing_sense' attribute between pin 'SEL' and 'AUS' in libcell 'UCL_MUX2A' is 'neg_unate', but unateness determined from function is 'non_unate'.
Info    : Both 'pos_unate' and 'neg_unate' timing_sense arcs have been processed. [LBR-162]
        : Non_unate 'timing_sense' inferred between pin 'SEL' and 'AUS' in libcell 'UCL_MUX2A'.
Info    : Setting the maximum print count of this message to 10 if information_level is less than 9. [LBR-161]
        : To print all the warning messages, set the information_level to 9.
Info    : Both 'pos_unate' and 'neg_unate' timing_sense arcs have been processed. [LBR-162]
        : Non_unate 'timing_sense' inferred between pin 'SEL' and 'AUS' in libcell 'UCL_MUX2B'.
Info    : Both 'pos_unate' and 'neg_unate' timing_sense arcs have been processed. [LBR-162]
        : Non_unate 'timing_sense' inferred between pin 'EIN1' and 'AUS' in libcell 'UCL_XOR'.
Info    : Both 'pos_unate' and 'neg_unate' timing_sense arcs have been processed. [LBR-162]
        : Non_unate 'timing_sense' inferred between pin 'EIN0' and 'AUS' in libcell 'UCL_XOR'.
  Library has 34 usable logic and 7 usable sequential lib-cells.
#@ End verbose source constraints/mmode.tcl
@file(synth_mtmAlu.tcl) 20: set_db init_power_nets  {vddd vddb}
This attribute has no effect on the tool operation.
  Setting attribute of root '/': 'init_power_nets' = vddd vddb
@file(synth_mtmAlu.tcl) 21: set_db init_ground_nets {gndd gndb}
This attribute has no effect on the tool operation.
  Setting attribute of root '/': 'init_ground_nets' = gndd gndb
@file(synth_mtmAlu.tcl) 24: read_physical -lef "/cad/dk/umc180/SUS/SUSLIB_UCL_tech.lef /cad/dk/umc180/SUS/SUSLIB_UCL.lef"

  According to lef_library, there are total 6 routing layers [ V(3) / H(3) ]

@file(synth_mtmAlu.tcl) 27: puts "--------------------------------------------------------------------------------"
--------------------------------------------------------------------------------
@file(synth_mtmAlu.tcl) 28: puts "-- HDL READ --------------------------------------------------------------------"
-- HDL READ --------------------------------------------------------------------
@file(synth_mtmAlu.tcl) 29: puts "--------------------------------------------------------------------------------"
--------------------------------------------------------------------------------
@file(synth_mtmAlu.tcl) 32:          set_db init_hdl_search_path {. ./rtl}
  Setting attribute of root '/': 'init_hdl_search_path' = . ./rtl
@file(synth_mtmAlu.tcl) 33: 	read_hdl  /home/student/awindak/PPCU_VLSI/projekt_ALU_U_W/rtl/mtm_Alu.v //home/student/awindak/PPCU_VLSI/projekt_ALU_U_W/rtl/mtm_Alu_core.v /home/student/awindak/PPCU_VLSI/projekt_ALU_U_W/rtl/mtm_Alu_deserializer.v /home/student/awindak//PPCU_VLSI/projekt_ALU_U_W/rtl/mtm_Alu_serializer.v
            Reading Verilog file '/home/student/awindak/PPCU_VLSI/projekt_ALU_U_W/rtl/mtm_Alu.v'
            Reading Verilog file '//home/student/awindak/PPCU_VLSI/projekt_ALU_U_W/rtl/mtm_Alu_core.v'
            Reading Verilog file '/home/student/awindak/PPCU_VLSI/projekt_ALU_U_W/rtl/mtm_Alu_deserializer.v'
            Reading Verilog file '/home/student/awindak/PPCU_VLSI/projekt_ALU_U_W/rtl/mtm_Alu_serializer.v'
@file(synth_mtmAlu.tcl) 39: puts "--------------------------------------------------------------------------------"
--------------------------------------------------------------------------------
@file(synth_mtmAlu.tcl) 40: puts "-- ELABORATION -----------------------------------------------------------------"
-- ELABORATION -----------------------------------------------------------------
@file(synth_mtmAlu.tcl) 41: puts "--------------------------------------------------------------------------------"
--------------------------------------------------------------------------------
@file(synth_mtmAlu.tcl) 42: elaborate
Info    : Elaborating Design. [ELAB-1]
        : Elaborating top-level block 'mtm_Alu' from file '/home/student/awindak/PPCU_VLSI/projekt_ALU_U_W/rtl/mtm_Alu.v'.
Info    : Elaborating Subdesign. [ELAB-2]
        : Elaborating block 'mtm_Alu_deserializer' from file '/home/student/awindak/PPCU_VLSI/projekt_ALU_U_W/rtl/mtm_Alu_deserializer.v'.
Info    : Elaborating Subdesign. [ELAB-2]
        : Elaborating block 'mtm_Alu_core' from file '//home/student/awindak/PPCU_VLSI/projekt_ALU_U_W/rtl/mtm_Alu_core.v'.
Info    : Elaborating Subdesign. [ELAB-2]
        : Elaborating block 'mtm_Alu_serializer' from file '/home/student/awindak/PPCU_VLSI/projekt_ALU_U_W/rtl/mtm_Alu_serializer.v'.
Info    : Done Elaborating Design. [ELAB-3]
        : Done elaborating 'mtm_Alu'.
Checking for analog nets.... 
Check completed for analog nets.
Info: Checking for source rtl...
Info: Check completed for source rtl...
Info    : To insure proper verification, preserved netlist point(s) because they are involved in combinational loop(s). To disable this, set the 'cb_preserve_ports_nets' root attribute to 'false'. [ELABUTL-133]
        : Preserved 4 user net(s)  Set the 'print_ports_nets_preserved_for_cb' root attribute to 'true' to print out the affected nets and hierarchical instances.

        Computing net loads.
UM: Capturing floorplan image ...
UM:  flow.cputime  flow.realtime  timing.setup.tns  timing.setup.wns  snapshot
UM:            10             10                                      elaborate
@file(synth_mtmAlu.tcl) 49: puts "--------------------------------------------------------------------------------"
--------------------------------------------------------------------------------
@file(synth_mtmAlu.tcl) 50: puts "-- INIT DESIGN -----------------------------------------------------------------"
-- INIT DESIGN -----------------------------------------------------------------
@file(synth_mtmAlu.tcl) 51: puts "--------------------------------------------------------------------------------"
--------------------------------------------------------------------------------
@file(synth_mtmAlu.tcl) 52: init_design
Started checking and loading power intent for design mtm_Alu...
===============================================================
No power intent for design 'mtm_Alu'.
Completed checking and loading power intent for design mtm_Alu (runtime 0.00s).
===============================================================================
#
# Reading SDC ./constraints/mtmAlu.sdc for view:WC_av (constraint_mode:standard_cm)
#
Statistics for commands executed by read_sdc:
 "all_inputs"               - successful      4 , failed      0 (runtime  0.00)
 "all_outputs"              - successful      2 , failed      0 (runtime  0.00)
 "create_clock"             - successful      1 , failed      0 (runtime  0.00)
 "set_clock_uncertainty"    - successful      2 , failed      0 (runtime  0.00)
 "set_dont_use"             - successful      8 , failed      0 (runtime  0.00)
 "set_driving_cell"         - successful      1 , failed      0 (runtime  0.00)
 "set_input_delay"          - successful      1 , failed      0 (runtime  0.00)
 "set_input_transition"     - successful      1 , failed      0 (runtime  0.00)
 "set_load"                 - successful      1 , failed      0 (runtime  0.00)
 "set_load_unit"            - successful      1 , failed      0 (runtime  0.00)
 "set_max_fanout"           - successful      1 , failed      0 (runtime  0.00)
 "set_output_delay"         - successful      1 , failed      0 (runtime  0.00)
 "set_time_unit"            - successful      1 , failed      0 (runtime  0.00)
 "set_units"                - successful      2 , failed      0 (runtime  0.00)
Total runtime 0

  According to qrc_tech_file, there are total 6 routing layers [ V(3) / H(3) ]


  According to qrc_tech_file, there are total 6 routing layers [ V(3) / H(3) ]


  According to qrc_tech_file, there are total 6 routing layers [ V(3) / H(3) ]

  Setting attribute of root '/': 'read_qrc_tech_file_rc_corner' = true
@file(synth_mtmAlu.tcl) 77: puts "--------------------------------------------------------------------------------"
--------------------------------------------------------------------------------
@file(synth_mtmAlu.tcl) 78: puts "-- CHECK TIMING CONSTRATINTS ---------------------------------------------------"
-- CHECK TIMING CONSTRATINTS ---------------------------------------------------
@file(synth_mtmAlu.tcl) 79: puts "--------------------------------------------------------------------------------"
--------------------------------------------------------------------------------
@file(synth_mtmAlu.tcl) 81: check_timing_intent -verbose > YOUR_REPORT_FILE
Info    : Timing analysis will be done for this view. [TUI-744]
        : View is 'analysis_view:mtm_Alu/WC_av'.
        : Worst paths will be shown in this view.
  Libraries have 31 usable logic and 4 usable sequential lib-cells.
Warning : A combinational loop has been found. [TIM-20]
        : The design 'mtm_Alu' contains the following combinational loop:
          u_mtm_Alu_deserializer/mux_oversample_counter_nxt_527_48/ctl[0]
          u_mtm_Alu_deserializer/mux_oversample_counter_nxt_527_48/g7/sel2
          u_mtm_Alu_deserializer/mux_oversample_counter_nxt_527_48/g7/z
          u_mtm_Alu_deserializer/mux_oversample_counter_nxt_527_48/z[0]
          u_mtm_Alu_deserializer/mux_oversample_counter_nxt_527_48/z[0]
          u_mtm_Alu_deserializer/mux_oversample_counter_nxt_163_11/in_6[0]
          u_mtm_Alu_deserializer/mux_oversample_counter_nxt_163_11/in_6[0]
          u_mtm_Alu_deserializer/mux_oversample_counter_nxt_163_11/g4/data6
          u_mtm_Alu_deserializer/mux_oversample_counter_nxt_163_11/g4/z
          u_mtm_Alu_deserializer/mux_oversample_counter_nxt_163_11/z[0]
          u_mtm_Alu_deserializer/mux_oversample_counter_nxt_163_11/z[0]
          u_mtm_Alu_deserializer/ctl_527_48/in_0[10]
          u_mtm_Alu_deserializer/ctl_527_48/in_0[10]
          u_mtm_Alu_deserializer/ctl_527_48/g6/in_3
          u_mtm_Alu_deserializer/ctl_527_48/g6/z
          u_mtm_Alu_deserializer/ctl_527_48/g13/in_0
          u_mtm_Alu_deserializer/ctl_527_48/g13/z
          u_mtm_Alu_deserializer/ctl_527_48/g11/in_0
          u_mtm_Alu_deserializer/ctl_527_48/g11/z
          u_mtm_Alu_deserializer/ctl_527_48/out_0[0]
          u_mtm_Alu_deserializer/ctl_527_48/out_0[0]
          u_mtm_Alu_deserializer/mux_oversample_counter_nxt_527_48/ctl[0]
          u_mtm_Alu_deserializer/mux_oversample_counter_nxt_527_48/ctl[0]
The combinational loop has been disabled.
        : You can set case constants or disable cell arcs to break a combinational loop.  For detailed information see the 'Timing Analysis Guide'.
Warning : A combinational loop has been found. [TIM-20]
        : The design 'mtm_Alu' contains the following combinational loop:
          u_mtm_Alu_deserializer/mux_oversample_counter_nxt_163_11/z[0]
          u_mtm_Alu_deserializer/ctl_463_51/in_0[10]
          u_mtm_Alu_deserializer/ctl_463_51/in_0[10]
          u_mtm_Alu_deserializer/ctl_463_51/g6/in_3
          u_mtm_Alu_deserializer/ctl_463_51/g6/z
          u_mtm_Alu_deserializer/ctl_463_51/g13/in_0
          u_mtm_Alu_deserializer/ctl_463_51/g13/z
          u_mtm_Alu_deserializer/ctl_463_51/g11/in_0
          u_mtm_Alu_deserializer/ctl_463_51/g11/z
          u_mtm_Alu_deserializer/ctl_463_51/out_0[0]
          u_mtm_Alu_deserializer/ctl_463_51/out_0[0]
          u_mtm_Alu_deserializer/mux_oversample_counter_nxt_463_51/ctl[0]
          u_mtm_Alu_deserializer/mux_oversample_counter_nxt_463_51/ctl[0]
          u_mtm_Alu_deserializer/mux_oversample_counter_nxt_463_51/g7/sel2
          u_mtm_Alu_deserializer/mux_oversample_counter_nxt_463_51/g7/z
          u_mtm_Alu_deserializer/mux_oversample_counter_nxt_463_51/z[0]
          u_mtm_Alu_deserializer/mux_oversample_counter_nxt_463_51/z[0]
          u_mtm_Alu_deserializer/mux_oversample_counter_nxt_163_11/in_5[0]
          u_mtm_Alu_deserializer/mux_oversample_counter_nxt_163_11/in_5[0]
          u_mtm_Alu_deserializer/mux_oversample_counter_nxt_163_11/g4/data5
          u_mtm_Alu_deserializer/mux_oversample_counter_nxt_163_11/g4/z
          u_mtm_Alu_deserializer/mux_oversample_counter_nxt_163_11/z[0]
          u_mtm_Alu_deserializer/mux_oversample_counter_nxt_163_11/z[0]
The combinational loop has been disabled.
Warning : A combinational loop has been found. [TIM-20]
        : The design 'mtm_Alu' contains the following combinational loop:
          u_mtm_Alu_deserializer/mux_oversample_counter_nxt_163_11/z[0]
          u_mtm_Alu_deserializer/ctl_329_41/in_0[10]
          u_mtm_Alu_deserializer/ctl_329_41/in_0[10]
          u_mtm_Alu_deserializer/ctl_329_41/g6/in_3
          u_mtm_Alu_deserializer/ctl_329_41/g6/z
          u_mtm_Alu_deserializer/ctl_329_41/g13/in_0
          u_mtm_Alu_deserializer/ctl_329_41/g13/z
          u_mtm_Alu_deserializer/ctl_329_41/g11/in_0
          u_mtm_Alu_deserializer/ctl_329_41/g11/z
          u_mtm_Alu_deserializer/ctl_329_41/out_0[0]
          u_mtm_Alu_deserializer/ctl_329_41/out_0[0]
          u_mtm_Alu_deserializer/mux_oversample_counter_nxt_329_46/ctl[0]
          u_mtm_Alu_deserializer/mux_oversample_counter_nxt_329_46/ctl[0]
          u_mtm_Alu_deserializer/mux_oversample_counter_nxt_329_46/g7/sel2
          u_mtm_Alu_deserializer/mux_oversample_counter_nxt_329_46/g7/z
          u_mtm_Alu_deserializer/mux_oversample_counter_nxt_329_46/z[0]
          u_mtm_Alu_deserializer/mux_oversample_counter_nxt_329_46/z[0]
          u_mtm_Alu_deserializer/mux_oversample_counter_nxt_163_11/in_3[0]
          u_mtm_Alu_deserializer/mux_oversample_counter_nxt_163_11/in_3[0]
          u_mtm_Alu_deserializer/mux_oversample_counter_nxt_163_11/g4/data3
          u_mtm_Alu_deserializer/mux_oversample_counter_nxt_163_11/g4/z
          u_mtm_Alu_deserializer/mux_oversample_counter_nxt_163_11/z[0]
          u_mtm_Alu_deserializer/mux_oversample_counter_nxt_163_11/z[0]
The combinational loop has been disabled.
Warning : A combinational loop has been found. [TIM-20]
        : The design 'mtm_Alu' contains the following combinational loop:
          u_mtm_Alu_deserializer/mux_oversample_counter_nxt_527_48/ctl[0]
          u_mtm_Alu_deserializer/mux_oversample_counter_nxt_527_48/g6/sel2
          u_mtm_Alu_deserializer/mux_oversample_counter_nxt_527_48/g6/z
          u_mtm_Alu_deserializer/mux_oversample_counter_nxt_527_48/z[1]
          u_mtm_Alu_deserializer/mux_oversample_counter_nxt_527_48/z[1]
          u_mtm_Alu_deserializer/mux_oversample_counter_nxt_163_11/in_6[1]
          u_mtm_Alu_deserializer/mux_oversample_counter_nxt_163_11/in_6[1]
          u_mtm_Alu_deserializer/mux_oversample_counter_nxt_163_11/g3/data6
          u_mtm_Alu_deserializer/mux_oversample_counter_nxt_163_11/g3/z
          u_mtm_Alu_deserializer/mux_oversample_counter_nxt_163_11/z[1]
          u_mtm_Alu_deserializer/mux_oversample_counter_nxt_163_11/z[1]
          u_mtm_Alu_deserializer/ctl_527_48/in_0[11]
          u_mtm_Alu_deserializer/ctl_527_48/in_0[11]
          u_mtm_Alu_deserializer/ctl_527_48/g6/in_2
          u_mtm_Alu_deserializer/ctl_527_48/g6/z
          u_mtm_Alu_deserializer/ctl_527_48/g13/in_0
          u_mtm_Alu_deserializer/ctl_527_48/g13/z
          u_mtm_Alu_deserializer/ctl_527_48/g11/in_0
          u_mtm_Alu_deserializer/ctl_527_48/g11/z
          u_mtm_Alu_deserializer/ctl_527_48/out_0[0]
          u_mtm_Alu_deserializer/ctl_527_48/out_0[0]
          u_mtm_Alu_deserializer/mux_oversample_counter_nxt_527_48/ctl[0]
          u_mtm_Alu_deserializer/mux_oversample_counter_nxt_527_48/ctl[0]
The combinational loop has been disabled.
Warning : A combinational loop has been found. [TIM-20]
        : The design 'mtm_Alu' contains the following combinational loop:
          u_mtm_Alu_deserializer/mux_oversample_counter_nxt_163_11/z[1]
          u_mtm_Alu_deserializer/ctl_463_51/in_0[11]
          u_mtm_Alu_deserializer/ctl_463_51/in_0[11]
          u_mtm_Alu_deserializer/ctl_463_51/g6/in_2
          u_mtm_Alu_deserializer/ctl_463_51/g6/z
          u_mtm_Alu_deserializer/ctl_463_51/g13/in_0
          u_mtm_Alu_deserializer/ctl_463_51/g13/z
          u_mtm_Alu_deserializer/ctl_463_51/g11/in_0
          u_mtm_Alu_deserializer/ctl_463_51/g11/z
          u_mtm_Alu_deserializer/ctl_463_51/out_0[0]
          u_mtm_Alu_deserializer/ctl_463_51/out_0[0]
          u_mtm_Alu_deserializer/mux_oversample_counter_nxt_463_51/ctl[0]
          u_mtm_Alu_deserializer/mux_oversample_counter_nxt_463_51/ctl[0]
          u_mtm_Alu_deserializer/mux_oversample_counter_nxt_463_51/g6/sel2
          u_mtm_Alu_deserializer/mux_oversample_counter_nxt_463_51/g6/z
          u_mtm_Alu_deserializer/mux_oversample_counter_nxt_463_51/z[1]
          u_mtm_Alu_deserializer/mux_oversample_counter_nxt_463_51/z[1]
          u_mtm_Alu_deserializer/mux_oversample_counter_nxt_163_11/in_5[1]
          u_mtm_Alu_deserializer/mux_oversample_counter_nxt_163_11/in_5[1]
          u_mtm_Alu_deserializer/mux_oversample_counter_nxt_163_11/g3/data5
          u_mtm_Alu_deserializer/mux_oversample_counter_nxt_163_11/g3/z
          u_mtm_Alu_deserializer/mux_oversample_counter_nxt_163_11/z[1]
          u_mtm_Alu_deserializer/mux_oversample_counter_nxt_163_11/z[1]
The combinational loop has been disabled.
Warning : A combinational loop has been found. [TIM-20]
        : The design 'mtm_Alu' contains the following combinational loop:
          u_mtm_Alu_deserializer/mux_oversample_counter_nxt_163_11/z[1]
          u_mtm_Alu_deserializer/ctl_329_41/in_0[11]
          u_mtm_Alu_deserializer/ctl_329_41/in_0[11]
          u_mtm_Alu_deserializer/ctl_329_41/g6/in_2
          u_mtm_Alu_deserializer/ctl_329_41/g6/z
          u_mtm_Alu_deserializer/ctl_329_41/g13/in_0
          u_mtm_Alu_deserializer/ctl_329_41/g13/z
          u_mtm_Alu_deserializer/ctl_329_41/g11/in_0
          u_mtm_Alu_deserializer/ctl_329_41/g11/z
          u_mtm_Alu_deserializer/ctl_329_41/out_0[0]
          u_mtm_Alu_deserializer/ctl_329_41/out_0[0]
          u_mtm_Alu_deserializer/mux_oversample_counter_nxt_329_46/ctl[0]
          u_mtm_Alu_deserializer/mux_oversample_counter_nxt_329_46/ctl[0]
          u_mtm_Alu_deserializer/mux_oversample_counter_nxt_329_46/g6/sel2
          u_mtm_Alu_deserializer/mux_oversample_counter_nxt_329_46/g6/z
          u_mtm_Alu_deserializer/mux_oversample_counter_nxt_329_46/z[1]
          u_mtm_Alu_deserializer/mux_oversample_counter_nxt_329_46/z[1]
          u_mtm_Alu_deserializer/mux_oversample_counter_nxt_163_11/in_3[1]
          u_mtm_Alu_deserializer/mux_oversample_counter_nxt_163_11/in_3[1]
          u_mtm_Alu_deserializer/mux_oversample_counter_nxt_163_11/g3/data3
          u_mtm_Alu_deserializer/mux_oversample_counter_nxt_163_11/g3/z
          u_mtm_Alu_deserializer/mux_oversample_counter_nxt_163_11/z[1]
          u_mtm_Alu_deserializer/mux_oversample_counter_nxt_163_11/z[1]
The combinational loop has been disabled.
Warning : A combinational loop has been found. [TIM-20]
        : The design 'mtm_Alu' contains the following combinational loop:
          u_mtm_Alu_deserializer/mux_oversample_counter_nxt_527_48/ctl[0]
          u_mtm_Alu_deserializer/mux_oversample_counter_nxt_527_48/g5/sel2
          u_mtm_Alu_deserializer/mux_oversample_counter_nxt_527_48/g5/z
          u_mtm_Alu_deserializer/mux_oversample_counter_nxt_527_48/z[2]
          u_mtm_Alu_deserializer/mux_oversample_counter_nxt_527_48/z[2]
          u_mtm_Alu_deserializer/mux_oversample_counter_nxt_163_11/in_6[2]
          u_mtm_Alu_deserializer/mux_oversample_counter_nxt_163_11/in_6[2]
          u_mtm_Alu_deserializer/mux_oversample_counter_nxt_163_11/g2/data6
          u_mtm_Alu_deserializer/mux_oversample_counter_nxt_163_11/g2/z
          u_mtm_Alu_deserializer/mux_oversample_counter_nxt_163_11/z[2]
          u_mtm_Alu_deserializer/mux_oversample_counter_nxt_163_11/z[2]
          u_mtm_Alu_deserializer/ctl_527_48/in_0[12]
          u_mtm_Alu_deserializer/ctl_527_48/in_0[12]
          u_mtm_Alu_deserializer/ctl_527_48/g6/in_1
          u_mtm_Alu_deserializer/ctl_527_48/g6/z
          u_mtm_Alu_deserializer/ctl_527_48/g13/in_0
          u_mtm_Alu_deserializer/ctl_527_48/g13/z
          u_mtm_Alu_deserializer/ctl_527_48/g11/in_0
          u_mtm_Alu_deserializer/ctl_527_48/g11/z
          u_mtm_Alu_deserializer/ctl_527_48/out_0[0]
          u_mtm_Alu_deserializer/ctl_527_48/out_0[0]
          u_mtm_Alu_deserializer/mux_oversample_counter_nxt_527_48/ctl[0]
          u_mtm_Alu_deserializer/mux_oversample_counter_nxt_527_48/ctl[0]
The combinational loop has been disabled.
Warning : A combinational loop has been found. [TIM-20]
        : The design 'mtm_Alu' contains the following combinational loop:
          u_mtm_Alu_deserializer/mux_oversample_counter_nxt_163_11/z[2]
          u_mtm_Alu_deserializer/ctl_463_51/in_0[12]
          u_mtm_Alu_deserializer/ctl_463_51/in_0[12]
          u_mtm_Alu_deserializer/ctl_463_51/g6/in_1
          u_mtm_Alu_deserializer/ctl_463_51/g6/z
          u_mtm_Alu_deserializer/ctl_463_51/g13/in_0
          u_mtm_Alu_deserializer/ctl_463_51/g13/z
          u_mtm_Alu_deserializer/ctl_463_51/g11/in_0
          u_mtm_Alu_deserializer/ctl_463_51/g11/z
          u_mtm_Alu_deserializer/ctl_463_51/out_0[0]
          u_mtm_Alu_deserializer/ctl_463_51/out_0[0]
          u_mtm_Alu_deserializer/mux_oversample_counter_nxt_463_51/ctl[0]
          u_mtm_Alu_deserializer/mux_oversample_counter_nxt_463_51/ctl[0]
          u_mtm_Alu_deserializer/mux_oversample_counter_nxt_463_51/g5/sel2
          u_mtm_Alu_deserializer/mux_oversample_counter_nxt_463_51/g5/z
          u_mtm_Alu_deserializer/mux_oversample_counter_nxt_463_51/z[2]
          u_mtm_Alu_deserializer/mux_oversample_counter_nxt_463_51/z[2]
          u_mtm_Alu_deserializer/mux_oversample_counter_nxt_163_11/in_5[2]
          u_mtm_Alu_deserializer/mux_oversample_counter_nxt_163_11/in_5[2]
          u_mtm_Alu_deserializer/mux_oversample_counter_nxt_163_11/g2/data5
          u_mtm_Alu_deserializer/mux_oversample_counter_nxt_163_11/g2/z
          u_mtm_Alu_deserializer/mux_oversample_counter_nxt_163_11/z[2]
          u_mtm_Alu_deserializer/mux_oversample_counter_nxt_163_11/z[2]
The combinational loop has been disabled.
Warning : A combinational loop has been found. [TIM-20]
        : The design 'mtm_Alu' contains the following combinational loop:
          u_mtm_Alu_deserializer/mux_oversample_counter_nxt_163_11/z[2]
          u_mtm_Alu_deserializer/ctl_329_41/in_0[12]
          u_mtm_Alu_deserializer/ctl_329_41/in_0[12]
          u_mtm_Alu_deserializer/ctl_329_41/g6/in_1
          u_mtm_Alu_deserializer/ctl_329_41/g6/z
          u_mtm_Alu_deserializer/ctl_329_41/g13/in_0
          u_mtm_Alu_deserializer/ctl_329_41/g13/z
          u_mtm_Alu_deserializer/ctl_329_41/g11/in_0
          u_mtm_Alu_deserializer/ctl_329_41/g11/z
          u_mtm_Alu_deserializer/ctl_329_41/out_0[0]
          u_mtm_Alu_deserializer/ctl_329_41/out_0[0]
          u_mtm_Alu_deserializer/mux_oversample_counter_nxt_329_46/ctl[0]
          u_mtm_Alu_deserializer/mux_oversample_counter_nxt_329_46/ctl[0]
          u_mtm_Alu_deserializer/mux_oversample_counter_nxt_329_46/g5/sel2
          u_mtm_Alu_deserializer/mux_oversample_counter_nxt_329_46/g5/z
          u_mtm_Alu_deserializer/mux_oversample_counter_nxt_329_46/z[2]
          u_mtm_Alu_deserializer/mux_oversample_counter_nxt_329_46/z[2]
          u_mtm_Alu_deserializer/mux_oversample_counter_nxt_163_11/in_3[2]
          u_mtm_Alu_deserializer/mux_oversample_counter_nxt_163_11/in_3[2]
          u_mtm_Alu_deserializer/mux_oversample_counter_nxt_163_11/g2/data3
          u_mtm_Alu_deserializer/mux_oversample_counter_nxt_163_11/g2/z
          u_mtm_Alu_deserializer/mux_oversample_counter_nxt_163_11/z[2]
          u_mtm_Alu_deserializer/mux_oversample_counter_nxt_163_11/z[2]
The combinational loop has been disabled.
Warning : A combinational loop has been found. [TIM-20]
        : The design 'mtm_Alu' contains the following combinational loop:
          u_mtm_Alu_deserializer/mux_oversample_counter_nxt_163_11/z[3]
          u_mtm_Alu_deserializer/ctl_527_48/in_0[13]
          u_mtm_Alu_deserializer/ctl_527_48/in_0[13]
          u_mtm_Alu_deserializer/ctl_527_48/g6/in_0
          u_mtm_Alu_deserializer/ctl_527_48/g6/z
          u_mtm_Alu_deserializer/ctl_527_48/g13/in_0
          u_mtm_Alu_deserializer/ctl_527_48/g13/z
          u_mtm_Alu_deserializer/ctl_527_48/g11/in_0
          u_mtm_Alu_deserializer/ctl_527_48/g11/z
          u_mtm_Alu_deserializer/ctl_527_48/out_0[0]
          u_mtm_Alu_deserializer/ctl_527_48/out_0[0]
          u_mtm_Alu_deserializer/mux_oversample_counter_nxt_527_48/ctl[0]
          u_mtm_Alu_deserializer/mux_oversample_counter_nxt_527_48/ctl[0]
          u_mtm_Alu_deserializer/mux_oversample_counter_nxt_527_48/g1/sel2
          u_mtm_Alu_deserializer/mux_oversample_counter_nxt_527_48/g1/z
          u_mtm_Alu_deserializer/mux_oversample_counter_nxt_527_48/z[3]
          u_mtm_Alu_deserializer/mux_oversample_counter_nxt_527_48/z[3]
          u_mtm_Alu_deserializer/mux_oversample_counter_nxt_163_11/in_6[3]
          u_mtm_Alu_deserializer/mux_oversample_counter_nxt_163_11/in_6[3]
          u_mtm_Alu_deserializer/mux_oversample_counter_nxt_163_11/g1/data6
          u_mtm_Alu_deserializer/mux_oversample_counter_nxt_163_11/g1/z
          u_mtm_Alu_deserializer/mux_oversample_counter_nxt_163_11/z[3]
          u_mtm_Alu_deserializer/mux_oversample_counter_nxt_163_11/z[3]
The combinational loop has been disabled.
Warning : A combinational loop has been found. [TIM-20]
        : The design 'mtm_Alu' contains the following combinational loop:
          u_mtm_Alu_deserializer/mux_oversample_counter_nxt_163_11/z[3]
          u_mtm_Alu_deserializer/ctl_463_51/in_0[13]
          u_mtm_Alu_deserializer/ctl_463_51/in_0[13]
          u_mtm_Alu_deserializer/ctl_463_51/g6/in_0
          u_mtm_Alu_deserializer/ctl_463_51/g6/z
          u_mtm_Alu_deserializer/ctl_463_51/g13/in_0
          u_mtm_Alu_deserializer/ctl_463_51/g13/z
          u_mtm_Alu_deserializer/ctl_463_51/g11/in_0
          u_mtm_Alu_deserializer/ctl_463_51/g11/z
          u_mtm_Alu_deserializer/ctl_463_51/out_0[0]
          u_mtm_Alu_deserializer/ctl_463_51/out_0[0]
          u_mtm_Alu_deserializer/mux_oversample_counter_nxt_463_51/ctl[0]
          u_mtm_Alu_deserializer/mux_oversample_counter_nxt_463_51/ctl[0]
          u_mtm_Alu_deserializer/mux_oversample_counter_nxt_463_51/g1/sel2
          u_mtm_Alu_deserializer/mux_oversample_counter_nxt_463_51/g1/z
          u_mtm_Alu_deserializer/mux_oversample_counter_nxt_463_51/z[3]
          u_mtm_Alu_deserializer/mux_oversample_counter_nxt_463_51/z[3]
          u_mtm_Alu_deserializer/mux_oversample_counter_nxt_163_11/in_5[3]
          u_mtm_Alu_deserializer/mux_oversample_counter_nxt_163_11/in_5[3]
          u_mtm_Alu_deserializer/mux_oversample_counter_nxt_163_11/g1/data5
          u_mtm_Alu_deserializer/mux_oversample_counter_nxt_163_11/g1/z
          u_mtm_Alu_deserializer/mux_oversample_counter_nxt_163_11/z[3]
          u_mtm_Alu_deserializer/mux_oversample_counter_nxt_163_11/z[3]
The combinational loop has been disabled.
Warning : A combinational loop has been found. [TIM-20]
        : The design 'mtm_Alu' contains the following combinational loop:
          u_mtm_Alu_deserializer/mux_oversample_counter_nxt_163_11/z[3]
          u_mtm_Alu_deserializer/ctl_329_41/in_0[13]
          u_mtm_Alu_deserializer/ctl_329_41/in_0[13]
          u_mtm_Alu_deserializer/ctl_329_41/g6/in_0
          u_mtm_Alu_deserializer/ctl_329_41/g6/z
          u_mtm_Alu_deserializer/ctl_329_41/g13/in_0
          u_mtm_Alu_deserializer/ctl_329_41/g13/z
          u_mtm_Alu_deserializer/ctl_329_41/g11/in_0
          u_mtm_Alu_deserializer/ctl_329_41/g11/z
          u_mtm_Alu_deserializer/ctl_329_41/out_0[0]
          u_mtm_Alu_deserializer/ctl_329_41/out_0[0]
          u_mtm_Alu_deserializer/mux_oversample_counter_nxt_329_46/ctl[0]
          u_mtm_Alu_deserializer/mux_oversample_counter_nxt_329_46/ctl[0]
          u_mtm_Alu_deserializer/mux_oversample_counter_nxt_329_46/g1/sel2
          u_mtm_Alu_deserializer/mux_oversample_counter_nxt_329_46/g1/z
          u_mtm_Alu_deserializer/mux_oversample_counter_nxt_329_46/z[3]
          u_mtm_Alu_deserializer/mux_oversample_counter_nxt_329_46/z[3]
          u_mtm_Alu_deserializer/mux_oversample_counter_nxt_163_11/in_3[3]
          u_mtm_Alu_deserializer/mux_oversample_counter_nxt_163_11/in_3[3]
          u_mtm_Alu_deserializer/mux_oversample_counter_nxt_163_11/g1/data3
          u_mtm_Alu_deserializer/mux_oversample_counter_nxt_163_11/g1/z
          u_mtm_Alu_deserializer/mux_oversample_counter_nxt_163_11/z[3]
          u_mtm_Alu_deserializer/mux_oversample_counter_nxt_163_11/z[3]
The combinational loop has been disabled.
        Computing net loads.
        Tracing clock networks.
        Levelizing the circuit.
        Computing delays.
        Computing arrivals and requireds.
@file(synth_mtmAlu.tcl) 112: check_design -unresolved
  Checking the design.

 	 Check Design Report
	 -------------------- 

  Unresolved References & Empty Modules
  ------------------------------------- 
No unresolved references in design 'mtm_Alu'

No empty modules in design 'mtm_Alu'

  Done Checking the design.
@file(synth_mtmAlu.tcl) 122: 	syn_generic
Info    : Deleting instances not driving any primary outputs. [GLO-34]
        : Deleting 31 hierarchical instances. 
Following instances are deleted as they do not drive any primary output:
'u_mtm_Alu_core/mux_ALUFlags_63_19', 'u_mtm_Alu_core/mux_OP_Err_63_19', 
'u_mtm_Alu_core/mux_Result_63_19', 'u_mtm_Alu_core/mux_ack_63_19', 
'u_mtm_Alu_core/mux_alu_state_63_19', 'u_mtm_Alu_core/mux_crc_out_63_19', 
'u_mtm_Alu_deserializer/mux_ack_106_16', 
'u_mtm_Alu_deserializer/mux_bit_counter_106_16', 
'u_mtm_Alu_deserializer/mux_crc_calc_106_16', 
'u_mtm_Alu_deserializer/mux_crc_error_106_16', 
'u_mtm_Alu_deserializer/mux_data_out_A_106_16', 
'u_mtm_Alu_deserializer/mux_data_out_B_106_16', 
'u_mtm_Alu_deserializer/mux_des_state_106_16', 
'u_mtm_Alu_deserializer/mux_frame_counter_106_16', 
'u_mtm_Alu_deserializer/mux_frame_error_106_16', 
'u_mtm_Alu_deserializer/mux_opcode_106_16', 
'u_mtm_Alu_deserializer/mux_oversample_counter_106_16', 
'u_mtm_Alu_deserializer/mux_parallel_crc_106_16', 
'u_mtm_Alu_deserializer/mux_parallel_data_A_106_16', 
'u_mtm_Alu_deserializer/mux_parallel_data_B_106_16', 
'u_mtm_Alu_deserializer/mux_parallel_opcode_106_16', 
'u_mtm_Alu_serializer/mux_ack_94_13', 
'u_mtm_Alu_serializer/mux_bit_counter_94_13', 
'u_mtm_Alu_serializer/mux_frame_counter_94_13', 
'u_mtm_Alu_serializer/mux_internal_alu_flags_94_13', 
'u_mtm_Alu_serializer/mux_internal_crc_94_13', 
'u_mtm_Alu_serializer/mux_internal_data_94_13', 
'u_mtm_Alu_serializer/mux_internal_errors_94_13', 
'u_mtm_Alu_serializer/mux_pclk_ctr_94_13', 
'u_mtm_Alu_serializer/mux_serial_out_94_13', 
'u_mtm_Alu_serializer/mux_state_94_13'.
        : Optimizations such as constant propagation or redundancy removal could change the connections so a hierarchical instance does not drive any primary outputs anymore. To see the list of deleted hierarchical instances, set the 'information_level' attribute to 2 or above. If the message is truncated set the message attribute 'truncate' to false to see the complete list. To prevent this optimization, set the 'delete_unloaded_insts' root/subdesign attribute to 'false' or 'preserve' instance attribute to 'true'.
@file(synth_mtmAlu.tcl) 123: 	syn_map
Warning : Design size is too small for express mapping. [MAP-300]
        : Current design size is 2996 instances.
        : Design size is less than 40000 instances, cannot run express mapping. Switching to medium effort instead.
Current PLE settings:

Aspect ratio        : 1.00
Shrink factor       : 1.00
Scale of res/length : 1.00
Scale of cap/length : 1.00
Net derating factor : 1.00
Thermal factor      : 1.19
Via Resistance      : 6.50 ohm (from qrc_tech_file)
Site size           : 6.40 um (from lef [tech+cell])

                                   Capacitance  
  Layer                             / Length         Data source:
Name        Direction Utilization  (pF/micron)       qrc_tech_file
------------------------------------------------
ME1_C           H         0.00        0.000268  
ME2_C           V         1.00        0.000282  
ME3_C           H         1.00        0.000282  
ME4_C           V         1.00        0.000280  
ME5_C           H         1.00        0.000283  
ME6_C           V         1.00        0.000313  

                                    Resistance   
  Layer                              / Length         Data source:
Name        Direction Utilization  (ohm/micron)       qrc_tech_file
-------------------------------------------------
ME1_C           H         0.00         0.387903  
ME2_C           V         1.00         0.279525  
ME3_C           H         1.00         0.279525  
ME4_C           V         1.00         0.279525  
ME5_C           H         1.00         0.279525  
ME6_C           V         1.00         0.019311  

                                        Area     
  Layer                               / Length        Data source:
Name        Direction Utilization     (micron)        lef_library
-------------------------------------------------
ME1             H         0.00         0.240000  
ME2             V         1.00         0.280000  
ME3             H         1.00         0.280000  
ME4             V         1.00         0.280000  
ME5             H         1.00         0.280000  
ME6             V         1.00         1.200000  

Info    : Pre-processed datapath logic. [DPOPT-6]
        : No pre-processing optimizations applied to datapath logic in 'mtm_Alu'.
Info    : Optimizing datapath logic. [DPOPT-1]
        : Optimizing datapath logic in 'mtm_Alu'.
Info    : Implementing datapath configurations. [DPOPT-3]
        : Implementing datapath configurations for 'CDN_DP_region_689'
      Timing increment_unsigned_110...
      Timing increment_unsigned_111_112...
Info    : Done implementing datapath configurations. [DPOPT-4]
        : Selected 'very_fast' configuration 4 for module 'CDN_DP_region_689'.
          Optimizations applied to 'very_fast' configuration:
            rewriting(0), factoring(0), sharing(0), cmultcse(0), downsizing(0), speculation(0)
Info    : Implementing datapath configurations. [DPOPT-3]
        : Implementing datapath configurations for 'CDN_DP_region_690'
      Timing increment_unsigned_341_342...
Info    : Done implementing datapath configurations. [DPOPT-4]
        : Selected 'very_fast' configuration 4 for module 'CDN_DP_region_690'.
          Optimizations applied to 'very_fast' configuration:
            rewriting(0), factoring(0), sharing(0), cmultcse(0), downsizing(0), speculation(0)
Info    : Implementing datapath configurations. [DPOPT-3]
        : Implementing datapath configurations for 'CDN_DP_region_688'
      Timing add_unsigned_carry...
Info    : Done implementing datapath configurations. [DPOPT-4]
        : Selected 'very_fast' configuration 4 for module 'CDN_DP_region_688'.
          Optimizations applied to 'very_fast' configuration:
            rewriting(0), factoring(0), sharing(0), cmultcse(0), downsizing(0), speculation(0)
Info    : Implementing datapath configurations. [DPOPT-3]
        : Implementing datapath configurations for 'CDN_DP_region'
Info    : Done implementing datapath configurations. [DPOPT-4]
        : Selected 'very_fast' configuration 4 for module 'CDN_DP_region'.
          Optimizations applied to 'very_fast' configuration:
            rewriting(0), factoring(0), sharing(0), cmultcse(0), downsizing(0), speculation(0)
Info    : Implementing datapath configurations. [DPOPT-3]
        : Implementing datapath configurations for 'CDN_DP_region_691'
Info    : Done implementing datapath configurations. [DPOPT-4]
        : Selected 'very_fast' configuration 4 for module 'CDN_DP_region_691'.
          Optimizations applied to 'very_fast' configuration:
            rewriting(0), factoring(0), sharing(0), cmultcse(0), downsizing(0), speculation(0)
Info    : Done optimizing datapath logic. [DPOPT-2]
        : Done optimizing datapath logic in 'mtm_Alu'.
Info    : Combinational hierarchical blocks with identical inputs have been merged. [GLO-40]
        : Instances 'ctl_329_41' and 'ctl_329_42' in 'CDN_DP_region_689' have been merged.
        : This optimization usually reduces design area. To prevent merging of combinational hierarchical blocks, set the 'merge_combinational_hier_instances' root attribute to 'false' or the 'merge_combinational_hier_instance' instance attribute to 'false'.
Info    : Combinational hierarchical blocks with identical inputs have been merged. [GLO-40]
        : Instances 'ctl_463_43' and 'ctl_463_46' in 'CDN_DP_region_689' have been merged.
Info    : Combinational hierarchical blocks with identical inputs have been merged. [GLO-40]
        : Instances 'ctl_463_43' and 'ctl_463_47' in 'CDN_DP_region_689' have been merged.
Info    : Combinational hierarchical blocks with identical inputs have been merged. [GLO-40]
        : Instances 'ctl_463_43' and 'ctl_463_51' in 'CDN_DP_region_689' have been merged.
Info    : Combinational hierarchical blocks with identical inputs have been merged. [GLO-40]
        : Instances 'ctl_527_44' and 'ctl_527_45' in 'CDN_DP_region_689' have been merged.
Info    : Combinational hierarchical blocks with identical inputs have been merged. [GLO-40]
        : Instances 'ctl_527_44' and 'ctl_527_48' in 'CDN_DP_region_689' have been merged.
Info    : Combinational hierarchical blocks with identical inputs have been merged. [GLO-40]
        : Instances 'ctl_527_44' and 'ctl_527_49' in 'CDN_DP_region_689' have been merged.
      Removing temporary intermediate hierarchies under mtm_Alu
              Optimizing muxes in design 'mtm_Alu_deserializer'.
              Optimizing muxes in design 'mtm_Alu_core'.
              Optimizing muxes in design 'mtm_Alu_serializer'.
Mapper: Libraries have:
	domain WC_tc: 31 combo usable cells and 4 sequential usable cells
      Mapping 'mtm_Alu'...
        Preparing the circuit
          Pruning unused logic
Multi-threaded constant propagation [1|0] ...
          Analyzing hierarchical boundaries
          Propagating constants
        Done preparing the circuit
          Structuring (delay-based) mtm_Alu...
          Done structuring (delay-based) mtm_Alu
          Structuring (delay-based) logic partition in mtm_Alu_deserializer...
            Starting partial collapsing (xors only) cb_part_1043
            Finished partial collapsing.
            Starting redundancy-removal...
            Finished redundancy-removal...
          Done structuring (delay-based) logic partition in mtm_Alu_deserializer
        Mapping logic partition in mtm_Alu_deserializer...
          Structuring (delay-based) case_box_49...
            Starting redundancy-removal...
            Finished redundancy-removal...
          Done structuring (delay-based) case_box_49
        Mapping component case_box_49...
          Structuring (delay-based) case_box_37...
            Starting redundancy-removal...
            Finished redundancy-removal...
          Done structuring (delay-based) case_box_37
        Mapping component case_box_37...
          Structuring (delay-based) logic partition in mtm_Alu_deserializer...
            Starting redundancy-removal...
            Finished redundancy-removal...
          Done structuring (delay-based) logic partition in mtm_Alu_deserializer
        Mapping logic partition in mtm_Alu_deserializer...
          Structuring (delay-based) logic partition in mtm_Alu_core...
            Starting partial collapsing (xors only) cb_oseq
            Finished partial collapsing.
            Starting redundancy-removal...
            Finished redundancy-removal...
          Done structuring (delay-based) logic partition in mtm_Alu_core
        Mapping logic partition in mtm_Alu_core...
          Structuring (delay-based) case_box_52...
            Starting redundancy-removal...
            Finished redundancy-removal...
          Done structuring (delay-based) case_box_52
        Mapping component case_box_52...
          Structuring (delay-based) cb_seq_1040...
            Starting partial collapsing (xors only) cb_seq_1040
            Finished partial collapsing.
            Starting xor partial collapsing cb_seq_1040
            Finished xor partial collapsing.
            Starting redundancy-removal...
            Finished redundancy-removal...
          Done structuring (delay-based) cb_seq_1040
        Mapping component cb_seq_1040...
          Structuring (delay-based) mtm_Alu_serializer...
            Starting partial collapsing (xors only) mtm_Alu_serializer
            Finished partial collapsing.
            Starting redundancy-removal...
            Finished redundancy-removal...
          Done structuring (delay-based) mtm_Alu_serializer
        Mapping component mtm_Alu_serializer...
          Structuring (delay-based) add_unsigned_carry...
            Starting partial collapsing (xors only) add_unsigned_carry
            Finished partial collapsing.
          Done structuring (delay-based) add_unsigned_carry
        Mapping component add_unsigned_carry...
          Structuring (delay-based) gt_unsigned_651...
          Done structuring (delay-based) gt_unsigned_651
        Mapping component gt_unsigned_651...
          Structuring (delay-based) logic partition in mtm_Alu_deserializer...
            Starting redundancy-removal...
            Finished redundancy-removal...
          Done structuring (delay-based) logic partition in mtm_Alu_deserializer
        Mapping logic partition in mtm_Alu_deserializer...
          Structuring (delay-based) cb_seq...
            Starting partial collapsing (xors only) cb_seq
            Finished partial collapsing.
            Starting xor partial collapsing cb_seq
            Finished xor partial collapsing.
            Starting redundancy-removal...
            Finished redundancy-removal...
            Starting redundancy-removal...
            Finished redundancy-removal...
          Done structuring (delay-based) cb_seq
        Mapping component cb_seq...
 
Global mapping target info
==========================
Cost Group 'clk' target slack:   286 ps
Target path end-point (Pin: u_mtm_Alu_deserializer/parallel_data_A_reg[31]/d)

             Pin                          Type          Fanout  Load Arrival   
                                         (Domain)               (fF)   (ps)    
-------------------------------------------------------------------------------
(clock clk)                     <<<  launch                                0 R 
(mtmAlu.sdc_line_56)                 ext delay                                 
rst_n                           (u)  in port                27 213.3           
u_mtm_Alu_deserializer/rst 
  cb_seqi/rst 
    g9049/in_1                                                                 
    g9049/z                     (u)  unmapped_complex2      10  79.0           
    g8820/in_1                                                                 
    g8820/z                     (u)  unmapped_complex2       3  23.7           
    g8795/in_0                                                                 
    g8795/z                     (u)  unmapped_or2            7  55.3           
    g8457/in_1                                                                 
    g8457/z                     (u)  unmapped_or2            3  23.7           
    g8444/in_1                                                                 
    g8444/z                     (u)  unmapped_complex2       3  23.7           
    g8415/in_1                                                                 
    g8415/z                     (u)  unmapped_complex2       1   7.9           
    g8382/in_1                                                                 
    g8382/z                     (u)  unmapped_complex2       2  15.8           
    g8274/in_0                                                                 
    g8274/z                     (u)  unmapped_complex2      31 244.9           
    g8214/in_1                                                                 
    g8214/z                     (u)  unmapped_nand2          1   7.9           
    g8186/in_0                                                                 
    g8186/z                     (u)  unmapped_nand2          1   7.9           
    parallel_data_A_reg[31]/d   <<<  unmapped_d_flop                           
    parallel_data_A_reg[31]/clk      setup                                     
- - - - - - - - - - - - - - - - - - - - - - - - - - - - - - - - - - - - - - - -
(clock clk)                          capture                           20000 R 
                                     uncertainty                               
-------------------------------------------------------------------------------
Cost Group   : 'clk' (path_group 'clk')
Start-point  : rst_n
End-point    : u_mtm_Alu_deserializer/cb_seqi/parallel_data_A_reg[31]/d
Analysis View: WC_av

(u) : Net has unmapped pin(s).

The global mapper estimates a slack for this path of 7464ps.
 
          Restructuring (delay-based) cb_seq...
          Done restructuring (delay-based) cb_seq
        Optimizing component cb_seq...
          Restructuring (delay-based) logic partition in mtm_Alu_deserializer...
          Done restructuring (delay-based) logic partition in mtm_Alu_deserializer
        Optimizing logic partition in mtm_Alu_deserializer...
          Restructuring (delay-based) cb_seq_1040...
          Done restructuring (delay-based) cb_seq_1040
        Optimizing component cb_seq_1040...
          Restructuring (delay-based) mtm_Alu_serializer...
          Done restructuring (delay-based) mtm_Alu_serializer
        Optimizing component mtm_Alu_serializer...
          Restructuring (delay-based) add_unsigned_carry...
          Done restructuring (delay-based) add_unsigned_carry
        Optimizing component add_unsigned_carry...
        Early Area Reclamation for add_unsigned_carry 'very_fast' (slack=7106, area=6606)...
          Restructuring (delay-based) add_unsigned_carry...
          Done restructuring (delay-based) add_unsigned_carry
        Optimizing component add_unsigned_carry...
          Restructuring (delay-based) gt_unsigned_651...
          Done restructuring (delay-based) gt_unsigned_651
        Optimizing component gt_unsigned_651...
        Early Area Reclamation for gt_unsigned_651 'very_fast' (slack=12391, area=3518)...
          Restructuring (delay-based) gt_unsigned...
          Done restructuring (delay-based) gt_unsigned
        Optimizing component gt_unsigned...
          Restructuring (delay-based) case_box_52...
          Done restructuring (delay-based) case_box_52
        Optimizing component case_box_52...
          Restructuring (delay-based) logic partition in mtm_Alu_deserializer...
          Done restructuring (delay-based) logic partition in mtm_Alu_deserializer
        Optimizing logic partition in mtm_Alu_deserializer...
          Restructuring (delay-based) logic partition in mtm_Alu_core...
          Done restructuring (delay-based) logic partition in mtm_Alu_core
        Optimizing logic partition in mtm_Alu_core...
          Restructuring (delay-based) case_box_49...
          Done restructuring (delay-based) case_box_49
        Optimizing component case_box_49...
          Restructuring (delay-based) case_box_37...
          Done restructuring (delay-based) case_box_37
        Optimizing component case_box_37...
          Restructuring (delay-based) logic partition in mtm_Alu_deserializer...
          Done restructuring (delay-based) logic partition in mtm_Alu_deserializer
        Optimizing logic partition in mtm_Alu_deserializer...
 
Global mapping timing result
============================
        Computing net loads.
        Tracing clock networks.
        Levelizing the circuit.
        Computing delays.
        Computing arrivals and requireds.
         Pin                       Type          Fanout  Load Slew Delay Arrival   
                                  (Domain)               (fF) (ps)  (ps)   (ps)    
-----------------------------------------------------------------------------------
(clock clk)                  launch                                            0 R 
u_mtm_Alu_deserializer
  cb_seqi
    opcode_reg[0]/CLK                                            0             0 R 
    opcode_reg[0]/Q          UCL_DFF_RES(WC_tc)       2  34.0  396  +521     521 F 
  cb_seqi/opcode[0] 
u_mtm_Alu_deserializer/opcode[0] 
g2/EIN                                                                +0     521   
g2/AUS                       UCL_BUF8_2(WC_tc)       38 356.0  458  +431     952 F 
u_mtm_Alu_core/ALUControl[0] 
  cb_oseqi/ALUControl 
    g2799/EIN                                                         +0     952   
    g2799/AUS                UCL_INV4(WC_tc)         32 278.5  668  +413    1364 R 
    g2797/EIN0                                                        +0    1364   
    g2797/AUS                UCL_MUX2(WC_tc)          1  18.0  507  +352    1716 F 
  cb_oseqi/addinc_add_59_36_B[0] 
  addinc_add_59_36/B[0] 
    g803/CIN                                                          +0    1716   
    g803/COUT                UCL_FA(WC_tc)            1  18.0  287  +491    2207 F 
    g802/CIN                                                          +0    2207   
    g802/COUT                UCL_FA(WC_tc)            1  18.0  284  +439    2646 F 
    g801/CIN                                                          +0    2646   
    g801/COUT                UCL_FA(WC_tc)            1  18.0  284  +438    3084 F 
    g800/CIN                                                          +0    3084   
    g800/COUT                UCL_FA(WC_tc)            1  18.0  284  +438    3522 F 
    g799/CIN                                                          +0    3522   
    g799/COUT                UCL_FA(WC_tc)            1  18.0  284  +438    3960 F 
    g798/CIN                                                          +0    3961   
    g798/COUT                UCL_FA(WC_tc)            1  18.0  284  +438    4398 F 
    g797/CIN                                                          +0    4399   
    g797/COUT                UCL_FA(WC_tc)            1  18.0  284  +438    4837 F 
    g796/CIN                                                          +0    4837   
    g796/COUT                UCL_FA(WC_tc)            1  18.0  284  +438    5275 F 
    g795/CIN                                                          +0    5275   
    g795/COUT                UCL_FA(WC_tc)            1  18.0  284  +438    5713 F 
    g794/CIN                                                          +0    5713   
    g794/COUT                UCL_FA(WC_tc)            1  18.0  284  +438    6151 F 
    g793/CIN                                                          +0    6151   
    g793/COUT                UCL_FA(WC_tc)            1  18.0  284  +438    6589 F 
    g792/CIN                                                          +0    6589   
    g792/COUT                UCL_FA(WC_tc)            1  18.0  284  +438    7027 F 
    g791/CIN                                                          +0    7027   
    g791/COUT                UCL_FA(WC_tc)            1  18.0  284  +438    7465 F 
    g790/CIN                                                          +0    7465   
    g790/COUT                UCL_FA(WC_tc)            1  18.0  284  +438    7903 F 
    g789/CIN                                                          +0    7904   
    g789/COUT                UCL_FA(WC_tc)            1  18.0  284  +438    8341 F 
    g788/CIN                                                          +0    8342   
    g788/COUT                UCL_FA(WC_tc)            1  18.0  284  +438    8780 F 
    g787/CIN                                                          +0    8780   
    g787/COUT                UCL_FA(WC_tc)            1  18.0  284  +438    9218 F 
    g786/CIN                                                          +0    9218   
    g786/COUT                UCL_FA(WC_tc)            1  18.0  284  +438    9656 F 
    g785/CIN                                                          +0    9656   
    g785/COUT                UCL_FA(WC_tc)            1  18.0  284  +438   10094 F 
    g784/CIN                                                          +0   10094   
    g784/COUT                UCL_FA(WC_tc)            1  18.0  284  +438   10532 F 
    g783/CIN                                                          +0   10532   
    g783/COUT                UCL_FA(WC_tc)            1  18.0  284  +438   10970 F 
    g782/CIN                                                          +0   10970   
    g782/COUT                UCL_FA(WC_tc)            1  18.0  284  +438   11408 F 
    g781/CIN                                                          +0   11408   
    g781/COUT                UCL_FA(WC_tc)            1  18.0  284  +438   11846 F 
    g780/CIN                                                          +0   11846   
    g780/COUT                UCL_FA(WC_tc)            1  18.0  284  +438   12284 F 
    g779/CIN                                                          +0   12284   
    g779/COUT                UCL_FA(WC_tc)            1  18.0  284  +438   12722 F 
    g778/CIN                                                          +0   12723   
    g778/COUT                UCL_FA(WC_tc)            1  18.0  284  +438   13160 F 
    g777/CIN                                                          +0   13161   
    g777/COUT                UCL_FA(WC_tc)            1  18.0  284  +438   13599 F 
    g776/CIN                                                          +0   13599   
    g776/COUT                UCL_FA(WC_tc)            1  18.0  284  +438   14037 F 
    g775/CIN                                                          +0   14037   
    g775/COUT                UCL_FA(WC_tc)            1  18.0  284  +438   14475 F 
    g774/CIN                                                          +0   14475   
    g774/COUT                UCL_FA(WC_tc)            1  18.0  284  +438   14913 F 
    g773/CIN                                                          +0   14913   
    g773/COUT                UCL_FA(WC_tc)            1  18.0  284  +438   15351 F 
    g772/CIN                                                          +0   15351   
    g772/S                   UCL_FA(WC_tc)            2  26.8  444  +691   16042 R 
  addinc_add_59_36/Z[31] 
  cb_seqi/addinc_add_59_36_Z[31] 
    g6839/EIN1                                                        +0   16042   
    g6839/AUS                UCL_MUX2A(WC_tc)         1  13.2  449  +339   16381 R 
    g6756/EIN0                                                        +0   16381   
    g6756/AUS                UCL_NAND2A(WC_tc)        2  21.8  481  +317   16699 F 
    g6716/EIN1                                                        +0   16699   
    g6716/AUS                UCL_NAND2A(WC_tc)        2  21.6  437  +369   17068 F 
    g6637/EIN0                                                        +0   17068   
    g6637/AUS                UCL_AOI21(WC_tc)         1  13.2  566  +366   17435 R 
    ALUFlags_reg[3]/D   <<<  UCL_DFF(WC_tc)                           +0   17435   
    ALUFlags_reg[3]/CLK      setup                               0  +222   17657 R 
- - - - - - - - - - - - - - - - - - - - - - - - - - - - - - - - - - - - - - - - - -
(clock clk)                  capture                                       20000 R 
                             uncertainty                            -300   19700 R 
-----------------------------------------------------------------------------------
Cost Group   : 'clk' (path_group 'clk')
Timing slack :    2043ps 
Start-point  : u_mtm_Alu_deserializer/cb_seqi/opcode_reg[0]/CLK
End-point    : u_mtm_Alu_core/cb_seqi/ALUFlags_reg[3]/D
Analysis View: WC_av

 
 
Global mapping status
=====================
                                   Group   
                                  Tot Wrst 
                           Total  Weighted 
Operation                   Area   Slacks  
-------------------------------------------------------------------------------
 global_map                79536        0 

    Cost Group            Target    Slack    Diff.  Constr.
-----------------------------------------------------------
           clk               286     2043             20000 


Scan mapping status report
==========================
    Scan mapping: converting flip-flops that pass TDRC.
    Scan mapping: bypassed.  You have to either 1) set attribute 'dft_scan_map_mode' to 'tdrc_pass' and run 'check_dft_rules' or 2) set attribute 'dft_scan_map_mode' to 'force_all'.

    Scan mapping bypassed because no TDRC data is available: either command 'check_dft_rules' has not been run or TDRC data has been subsequently invalidated.
        Computing net loads.
UM: Capturing floorplan image ...
     flow.cputime  flow.realtime  timing.setup.tns  timing.setup.wns  snapshot
UM:            14             17                                      syn_map
@file(synth_mtmAlu.tcl) 124: 	syn_opt
Info    : Incrementally optimizing. [SYNTH-7]
        : Incrementally optimizing design 'mtm_Alu' using 'express' effort.
 


                                   Group   
                                  Tot Wrst     Total - - - - DRC Totals - - - -
                           Total  Weighted      Neg      Max       Max     Max  
Operation                   Area   Slacks      Slack    Trans      Cap   Fanout 
-------------------------------------------------------------------------------
 init_delay                79524        0         0         0       10       40

           Trick     Calls     Accepts   Attempts    Time(secs) 
-----------------------------------------------------------
       crit_upsz         0  (        0 /        0 )  0.00
    plc_bal_star         0  (        0 /        0 )  0.00
     drc_buftimb         0  (        0 /        0 )  0.00
          plc_st         0  (        0 /        0 )  0.00
       plc_lo_st         0  (        0 /        0 )  0.00
        plc_star         0  (        0 /        0 )  0.00
     drc_buftims         0  (        0 /        0 )  0.00
            fopt         0  (        0 /        0 )  0.00
       plc_lo_st         0  (        0 /        0 )  0.00

 


                                   Group   
                                  Tot Wrst     Total - - - - DRC Totals - - - -
                           Total  Weighted      Neg      Max       Max     Max  
Operation                   Area   Slacks      Slack    Trans      Cap   Fanout 
-------------------------------------------------------------------------------
 init_delay                79524        0         0         0       10       40

           Trick     Calls     Accepts   Attempts    Time(secs) 
-----------------------------------------------------------
         crr_200         0  (        0 /        0 )  0.00
        crr_glob         0  (        0 /        0 )  0.00
         crr_300         0  (        0 /        0 )  0.00
        crr_glob         0  (        0 /        0 )  0.00
         crr_400         0  (        0 /        0 )  0.00
        crr_glob         0  (        0 /        0 )  0.00
         crr_111         0  (        0 /        0 )  0.00
        crr_glob         0  (        0 /        0 )  0.00
         crr_210         0  (        0 /        0 )  0.00
        crr_glob         0  (        0 /        0 )  0.00
         crr_110         0  (        0 /        0 )  0.00
        crr_glob         0  (        0 /        0 )  0.00
       crit_upsz         0  (        0 /        0 )  0.00
    plc_bal_star         0  (        0 /        0 )  0.00
     drc_buftimb         0  (        0 /        0 )  0.00
          plc_st         0  (        0 /        0 )  0.00
       plc_lo_st         0  (        0 /        0 )  0.00
        plc_star         0  (        0 /        0 )  0.00
     drc_buftims         0  (        0 /        0 )  0.00
       plc_lo_st         0  (        0 /        0 )  0.00
            fopt         0  (        0 /        0 )  0.00
       crit_dnsz         0  (        0 /        0 )  0.00
             dup         0  (        0 /        0 )  0.00
            fopt         0  (        0 /        0 )  0.00
        setup_dn         0  (        0 /        0 )  0.00
         buf2inv         0  (        0 /        0 )  0.00
             exp         0  (        0 /        0 )  0.00
       gate_deco         0  (        0 /        0 )  0.00
       gcomp_tim         0  (        0 /        0 )  0.00
  inv_pair_2_buf         0  (        0 /        0 )  0.00
 


                                   Group   
                                  Tot Wrst     Total - - - - DRC Totals - - - -
                           Total  Weighted      Neg      Max       Max     Max  
Operation                   Area   Slacks      Slack    Trans      Cap   Fanout 
-------------------------------------------------------------------------------
 init_delay                79524        0         0         0       10       40

           Trick     Calls     Accepts   Attempts    Time(secs) 
-----------------------------------------------------------
       crit_upsz         0  (        0 /        0 )  0.00
    plc_bal_star         0  (        0 /        0 )  0.00
     drc_buftimb         0  (        0 /        0 )  0.00
          plc_st         0  (        0 /        0 )  0.00
       plc_lo_st         0  (        0 /        0 )  0.00
        plc_star         0  (        0 /        0 )  0.00
     drc_buftims         0  (        0 /        0 )  0.00
            fopt         0  (        0 /        0 )  0.00
       plc_lo_st         0  (        0 /        0 )  0.00

Info    : Done incrementally optimizing. [SYNTH-8]
        : Done incrementally optimizing design 'mtm_Alu' using 'express' effort.
@file(synth_mtmAlu.tcl) 132:  report qor > qor_syn_opt.rpt
@file(synth_mtmAlu.tcl) 133:  report timing > timing_syn_opt.rpt
Warning : Possible timing problems have been detected in this design. [TIM-11]
        : The design is 'mtm_Alu'.
        : Use 'report timing -lint' for more information.
@file(synth_mtmAlu.tcl) 134:  report gates > gates_syn_opt.rpt
@file(synth_mtmAlu.tcl) 135:  report summary > summary_syn_opt.rpt
@file(synth_mtmAlu.tcl) 140:   write_design -innovus -basename /home/student/awindak/PPCU_VLSI/projekt_ALU_U_W/synth/RESULTS/mtm_Alu
Exporting design data for 'mtm_Alu' to /home/student/awindak/PPCU_VLSI/projekt_ALU_U_W/synth/RESULTS/mtm_Alu...
Info    : Generating design database. [PHYS-90]
        : Writing netlist: /home/student/awindak/PPCU_VLSI/projekt_ALU_U_W/synth/RESULTS/mtm_Alu.v
        : The database contains all the files required to restore the design in the specified application.
Info    : Generating design database. [PHYS-90]
        : Writing Metrics file: /home/student/awindak/PPCU_VLSI/projekt_ALU_U_W/synth/RESULTS/mtm_Alu.metrics.json
Info    : Generating design database. [PHYS-90]
        : Writing write_script: /home/student/awindak/PPCU_VLSI/projekt_ALU_U_W/synth/RESULTS/mtm_Alu.g
Info    : Generating design database. [PHYS-90]
        : Writing multi-mode multi-corner file: /home/student/awindak/PPCU_VLSI/projekt_ALU_U_W/synth/RESULTS/mtm_Alu.mmmc.tcl
Finished SDC export (command execution time mm:ss (real) = 00:00).
Info: file /home/student/awindak/PPCU_VLSI/projekt_ALU_U_W/synth/RESULTS//mtm_Alu.standard_cm.sdc has been written
File /home/student/awindak/PPCU_VLSI/projekt_ALU_U_W/synth/RESULTS//mtm_Alu.mmmc.tcl has been written.
Warning : Expected data not found. [PHYS-61]
        : No power domain bounding box information found.
        : The inclusion of this data is not required, however it is highly recommended in order to achieve the best result. Rerun the command after supplying the data.
Info    : Generating design database. [PHYS-90]
        : Writing Innovus mode: /home/student/awindak/PPCU_VLSI/projekt_ALU_U_W/synth/RESULTS/mtm_Alu.mode
Info    : Generating design database. [PHYS-90]
        : Writing INIT setup file for Genus: /home/student/awindak/PPCU_VLSI/projekt_ALU_U_W/synth/RESULTS/mtm_Alu.genus_init.tcl
Info    : Generating design database. [PHYS-90]
        : Writing INIT setup file for Innovus: /home/student/awindak/PPCU_VLSI/projekt_ALU_U_W/synth/RESULTS/mtm_Alu.invs_init.tcl
Info    : Generating design database. [PHYS-90]
        : Writing Innovus setup file: /home/student/awindak/PPCU_VLSI/projekt_ALU_U_W/synth/RESULTS/mtm_Alu.invs_setup.tcl
Info    : Generating design database. [PHYS-90]
        : Writing Genus(TM) Synthesis Solution setup file: /home/student/awindak/PPCU_VLSI/projekt_ALU_U_W/synth/RESULTS/mtm_Alu.genus_setup.tcl
** To load the database source /home/student/awindak/PPCU_VLSI/projekt_ALU_U_W/synth/RESULTS/mtm_Alu.invs_setup.tcl in an Innovus session.
** To load the database source /home/student/awindak/PPCU_VLSI/projekt_ALU_U_W/synth/RESULTS/mtm_Alu.genus_setup.tcl in an Genus(TM) Synthesis Solution session.
Finished exporting design data for 'mtm_Alu' (command execution time mm:ss cpu = 00:01, real = 00:03).
.
#@ End verbose source tcl/synth_mtmAlu.tcl
Normal exit.