============================================================
  Generated by:           Genus(TM) Synthesis Solution 17.13-s033_1
  Generated on:           Sep 09 2019  11:41:09 pm
  Module:                 mtm_Alu
  Library domain:         WC_tc
    Domain index:         0
    Technology library:   SUSLIB_UCL_SS 
    Operating conditions: worst 
  Interconnect mode:      global
  Area mode:              physical library
============================================================

Timing
--------

 Mode Clock  Period 
--------------------
WC_av clk   20000.0 


        Cost   Critical       Violating 
 Mode  Group  Path Slack TNS    Paths   
----------------------------------------
WC_av     clk     2043.4 0.0          0 
      default   No paths 0.0          0 
----------------------------------------
Total                    0.0          0 
                                        

Instance Count
--------------
Leaf Instance Count             1847 
Physical Instance count            0 
Sequential Instance Count        272 
Combinational Instance Count    1575 
Hierarchical Instance Count        8 

Area
----
Cell Area                          54879.898
Physical Cell Area                 0.000
Total Cell Area (Cell+Physical)    54879.898
Net Area                           24643.618
Total Area (Cell+Physical+Net)     79523.516

Max Fanout                         272 (clk)
Min Fanout                         0 (u_mtm_Alu_deserializer/n_405)
Average Fanout                     2.2
Terms to net ratio                 3.3259
Terms to instance ratio            3.3925
Runtime                            23.984433 seconds
Elapsed Runtime                    28 seconds
Genus peak memory usage            659.74 
Innovus peak memory usage          no_value 
Hostname                           localhost
