============================================================
  Generated by:           Genus(TM) Synthesis Solution 17.13-s033_1
  Generated on:           Sep 09 2019  11:41:09 pm
  Module:                 mtm_Alu
    Operating conditions: worst 
  Interconnect mode:      global
  Area mode:              physical library
============================================================

                                                       Library 
      Gate       Instances    Area         Library      Domain 
---------------------------------------------------------------
UCL_AND2                44    912.384    SUSLIB_UCL_SS   WC_tc 
UCL_AOI21               46    763.085    SUSLIB_UCL_SS   WC_tc 
UCL_AOI22_2             65   1347.840    SUSLIB_UCL_SS   WC_tc 
UCL_AON2B_2             89   1845.504    SUSLIB_UCL_SS   WC_tc 
UCL_BUF                130   3234.816    SUSLIB_UCL_SS   WC_tc 
UCL_BUF8_2               9    821.146    SUSLIB_UCL_SS   WC_tc 
UCL_CGI2                32    796.262    SUSLIB_UCL_SS   WC_tc 
UCL_DFF                270  22394.880    SUSLIB_UCL_SS   WC_tc 
UCL_DFF_RES              2    199.066    SUSLIB_UCL_SS   WC_tc 
UCL_FA                  32   2123.366    SUSLIB_UCL_SS   WC_tc 
UCL_INV2               306   3807.130    SUSLIB_UCL_SS   WC_tc 
UCL_INV4                39   1293.926    SUSLIB_UCL_SS   WC_tc 
UCL_MUX2                94   2339.021    SUSLIB_UCL_SS   WC_tc 
UCL_MUX2A                6    174.182    SUSLIB_UCL_SS   WC_tc 
UCL_MUX2B                2     58.061    SUSLIB_UCL_SS   WC_tc 
UCL_NAND2               33    410.573    SUSLIB_UCL_SS   WC_tc 
UCL_NAND2A              42    696.730    SUSLIB_UCL_SS   WC_tc 
UCL_NAND2_2              3     62.208    SUSLIB_UCL_SS   WC_tc 
UCL_NAND2_WIDEN         54    671.846    SUSLIB_UCL_SS   WC_tc 
UCL_NAND3              106   1758.413    SUSLIB_UCL_SS   WC_tc 
UCL_NOR2               115   1430.784    SUSLIB_UCL_SS   WC_tc 
UCL_NOR2_2               4     82.944    SUSLIB_UCL_SS   WC_tc 
UCL_NOR3                35    580.608    SUSLIB_UCL_SS   WC_tc 
UCL_OAI21               55    912.384    SUSLIB_UCL_SS   WC_tc 
UCL_OAI22              138   2861.568    SUSLIB_UCL_SS   WC_tc 
UCL_OR2                 17    352.512    SUSLIB_UCL_SS   WC_tc 
UCL_XOR                 79   2948.659    SUSLIB_UCL_SS   WC_tc 
---------------------------------------------------------------
total                 1847  54879.898                  


                                          
     Type      Instances    Area   Area % 
------------------------------------------
sequential           272 22593.946   41.2 
inverter             345  5101.056    9.3 
buffer               139  4055.962    7.4 
logic               1091 23128.934   42.1 
physical_cells         0     0.000    0.0 
------------------------------------------
total               1847 54879.898  100.0 

